# JRE version: Java(TM) SE Runtime Environment (8.0_45-b14) (build 1.8.0_45-b14)
# Java VM: Java HotSpot(TM) 64-Bit Server VM (25.45-b02 mixed mode windows-amd64 compressed oops)
Heap:
 PSYoungGen      total 39424K, used 35636K [0x00000000d6400000, 0x00000000d9300000, 0x0000000100000000)
  eden space 31744K, 89% used [0x00000000d6400000,0x00000000d7fe1eb0,0x00000000d8300000)
  from space 7680K, 92% used [0x00000000d8b00000,0x00000000d91eb418,0x00000000d9280000)
  to   space 8192K, 0% used [0x00000000d8300000,0x00000000d8300000,0x00000000d8b00000)
 ParOldGen       total 86016K, used 6045K [0x0000000082c00000, 0x0000000088000000, 0x00000000d6400000)
  object space 86016K, 7% used [0x0000000082c00000,0x00000000831e7490,0x0000000088000000)
 Metaspace       used 17875K, capacity 18322K, committed 18432K, reserved 1064960K
  class space    used 2138K, capacity 2220K, committed 2304K, reserved 1048576K
GC Heap History (10 events):
Event: 2.522 GC heap before
{Heap before GC invocations=2 (full 0):
 PSYoungGen      total 37888K, used 37379K [0x00000000d6400000, 0x00000000d8e00000, 0x0000000100000000)
  eden space 32768K, 100% used [0x00000000d6400000,0x00000000d8400000,0x00000000d8400000)
  from space 5120K, 90% used [0x00000000d8400000,0x00000000d8880cb0,0x00000000d8900000)
  to   space 5120K, 0% used [0x00000000d8900000,0x00000000d8900000,0x00000000d8e00000)
 ParOldGen       total 86016K, used 8K [0x0000000082c00000, 0x0000000088000000, 0x00000000d6400000)
  object space 86016K, 0% used [0x0000000082c00000,0x0000000082c02000,0x0000000088000000)
 Metaspace       used 12389K, capacity 12574K, committed 12672K, reserved 1060864K
  class space    used 1515K, capacity 1571K, committed 1664K, reserved 1048576K
Event: 2.530 GC heap after
Heap after GC invocations=2 (full 0):
 PSYoungGen      total 37888K, used 5116K [0x00000000d6400000, 0x00000000d8e00000, 0x0000000100000000)
  eden space 32768K, 0% used [0x00000000d6400000,0x00000000d6400000,0x00000000d8400000)
  from space 5120K, 99% used [0x00000000d8900000,0x00000000d8dff1e0,0x00000000d8e00000)
  to   space 5120K, 0% used [0x00000000d8400000,0x00000000d8400000,0x00000000d8900000)
 ParOldGen       total 86016K, used 1974K [0x0000000082c00000, 0x0000000088000000, 0x00000000d6400000)
  object space 86016K, 2% used [0x0000000082c00000,0x0000000082deda28,0x0000000088000000)
 Metaspace       used 12389K, capacity 12574K, committed 12672K, reserved 1060864K
  class space    used 1515K, capacity 1571K, committed 1664K, reserved 1048576K
}
Event: 5.849 GC heap before
{Heap before GC invocations=3 (full 0):
 PSYoungGen      total 37888K, used 37884K [0x00000000d6400000, 0x00000000d8e00000, 0x0000000100000000)
  eden space 32768K, 100% used [0x00000000d6400000,0x00000000d8400000,0x00000000d8400000)
  from space 5120K, 99% used [0x00000000d8900000,0x00000000d8dff1e0,0x00000000d8e00000)
  to   space 5120K, 0% used [0x00000000d8400000,0x00000000d8400000,0x00000000d8900000)
 ParOldGen       total 86016K, used 1974K [0x0000000082c00000, 0x0000000088000000, 0x00000000d6400000)
  object space 86016K, 2% used [0x0000000082c00000,0x0000000082deda28,0x0000000088000000)
 Metaspace       used 12977K, capacity 13244K, committed 13440K, reserved 1060864K
  class space    used 1551K, capacity 1640K, committed 1664K, reserved 1048576K
Event: 5.856 GC heap after
Heap after GC invocations=3 (full 0):
 PSYoungGen      total 37888K, used 5112K [0x00000000d6400000, 0x00000000d8e00000, 0x0000000100000000)
  eden space 32768K, 0% used [0x00000000d6400000,0x00000000d6400000,0x00000000d8400000)
  from space 5120K, 99% used [0x00000000d8400000,0x00000000d88fe050,0x00000000d8900000)
  to   space 5120K, 0% used [0x00000000d8900000,0x00000000d8900000,0x00000000d8e00000)
 ParOldGen       total 86016K, used 2911K [0x0000000082c00000, 0x0000000088000000, 0x00000000d6400000)
  object space 86016K, 3% used [0x0000000082c00000,0x0000000082ed7e30,0x0000000088000000)
 Metaspace       used 12977K, capacity 13244K, committed 13440K, reserved 1060864K
  class space    used 1551K, capacity 1640K, committed 1664K, reserved 1048576K
}
Event: 8.247 GC heap before
{Heap before GC invocations=4 (full 0):
 PSYoungGen      total 37888K, used 37880K [0x00000000d6400000, 0x00000000d8e00000, 0x0000000100000000)
  eden space 32768K, 100% used [0x00000000d6400000,0x00000000d8400000,0x00000000d8400000)
  from space 5120K, 99% used [0x00000000d8400000,0x00000000d88fe050,0x00000000d8900000)
  to   space 5120K, 0% used [0x00000000d8900000,0x00000000d8900000,0x00000000d8e00000)
 ParOldGen       total 86016K, used 2911K [0x0000000082c00000, 0x0000000088000000, 0x00000000d6400000)
  object space 86016K, 3% used [0x0000000082c00000,0x0000000082ed7e30,0x0000000088000000)
 Metaspace       used 13165K, capacity 13404K, committed 13440K, reserved 1060864K
  class space    used 1556K, capacity 1647K, committed 1664K, reserved 1048576K
Event: 8.257 GC heap after
Heap after GC invocations=4 (full 0):
 PSYoungGen      total 37888K, used 5096K [0x00000000d6400000, 0x00000000d8e00000, 0x0000000100000000)
  eden space 32768K, 0% used [0x00000000d6400000,0x00000000d6400000,0x00000000d8400000)
  from space 5120K, 99% used [0x00000000d8900000,0x00000000d8dfa040,0x00000000d8e00000)
  to   space 5120K, 0% used [0x00000000d8400000,0x00000000d8400000,0x00000000d8900000)
 ParOldGen       total 86016K, used 4479K [0x0000000082c00000, 0x0000000088000000, 0x00000000d6400000)
  object space 86016K, 5% used [0x0000000082c00000,0x000000008305fe30,0x0000000088000000)
 Metaspace       used 13165K, capacity 13404K, committed 13440K, reserved 1060864K
  class space    used 1556K, capacity 1647K, committed 1664K, reserved 1048576K
}
Event: 10.713 GC heap before
{Heap before GC invocations=5 (full 0):
 PSYoungGen      total 37888K, used 37864K [0x00000000d6400000, 0x00000000d8e00000, 0x0000000100000000)
  eden space 32768K, 100% used [0x00000000d6400000,0x00000000d8400000,0x00000000d8400000)
  from space 5120K, 99% used [0x00000000d8900000,0x00000000d8dfa040,0x00000000d8e00000)
  to   space 5120K, 0% used [0x00000000d8400000,0x00000000d8400000,0x00000000d8900000)
 ParOldGen       total 86016K, used 4479K [0x0000000082c00000, 0x0000000088000000, 0x00000000d6400000)
  object space 86016K, 5% used [0x0000000082c00000,0x000000008305fe30,0x0000000088000000)
 Metaspace       used 13403K, capacity 13620K, committed 13696K, reserved 1060864K
  class space    used 1573K, capacity 1651K, committed 1664K, reserved 1048576K
Event: 10.721 GC heap after
Heap after GC invocations=5 (full 0):
 PSYoungGen      total 37376K, used 5112K [0x00000000d6400000, 0x00000000d9280000, 0x0000000100000000)
  eden space 32256K, 0% used [0x00000000d6400000,0x00000000d6400000,0x00000000d8380000)
  from space 5120K, 99% used [0x00000000d8400000,0x00000000d88fe030,0x00000000d8900000)
  to   space 7680K, 0% used [0x00000000d8b00000,0x00000000d8b00000,0x00000000d9280000)
 ParOldGen       total 86016K, used 6037K [0x0000000082c00000, 0x0000000088000000, 0x00000000d6400000)
  object space 86016K, 7% used [0x0000000082c00000,0x00000000831e5490,0x0000000088000000)
 Metaspace       used 13403K, capacity 13620K, committed 13696K, reserved 1060864K
  class space    used 1573K, capacity 1651K, committed 1664K, reserved 1048576K
}
Event: 14.049 GC heap before
{Heap before GC invocations=6 (full 0):
 PSYoungGen      total 37376K, used 37368K [0x00000000d6400000, 0x00000000d9280000, 0x0000000100000000)
  eden space 32256K, 100% used [0x00000000d6400000,0x00000000d8380000,0x00000000d8380000)
  from space 5120K, 99% used [0x00000000d8400000,0x00000000d88fe030,0x00000000d8900000)
  to   space 7680K, 0% used [0x00000000d8b00000,0x00000000d8b00000,0x00000000d9280000)
 ParOldGen       total 86016K, used 6037K [0x0000000082c00000, 0x0000000088000000, 0x00000000d6400000)
  object space 86016K, 7% used [0x0000000082c00000,0x00000000831e5490,0x0000000088000000)
 Metaspace       used 14065K, capacity 14418K, committed 14592K, reserved 1062912K
  class space    used 1646K, capacity 1724K, committed 1792K, reserved 1048576K
Event: 14.059 GC heap after
Heap after GC invocations=6 (full 0):
 PSYoungGen      total 39424K, used 7085K [0x00000000d6400000, 0x00000000d9300000, 0x0000000100000000)
  eden space 31744K, 0% used [0x00000000d6400000,0x00000000d6400000,0x00000000d8300000)
  from space 7680K, 92% used [0x00000000d8b00000,0x00000000d91eb418,0x00000000d9280000)
  to   space 8192K, 0% used [0x00000000d8300000,0x00000000d8300000,0x00000000d8b00000)
 ParOldGen       total 86016K, used 6045K [0x0000000082c00000, 0x0000000088000000, 0x00000000d6400000)
  object space 86016K, 7% used [0x0000000082c00000,0x00000000831e7490,0x0000000088000000)
 Metaspace       used 14065K, capacity 14418K, committed 14592K, reserved 1062912K
  class space    used 1646K, capacity 1724K, committed 1792K, reserved 1048576K
}

